STAenTurno/app/build/outputs/mapping/release/seeds.txt
com.sta.staenturno.ui.home.HomeScreenKt$HomeScreen$2$1
com.sta.staenturno.ui.schedule.WeekScheduleScreenKt$WeekScheduleScreen$lambda$9$lambda$8$lambda$7$lambda$6$$inlined$items$default$3
com.sta.staenturno.data.model.ChangePasswordResponse
com.sta.staenturno.data.model.LoginResponse
com.sta.staenturno.ui.changePassword.ChangePasswordViewModel$changePassword$1
com.sta.staenturno.ui.schedule.WeekScheduleScreenKt$WeekScheduleScreen$lambda$9$lambda$8$lambda$7$lambda$6$$inlined$items$default$1
com.sta.staenturno.data.model.AttendanceStatusResponse
com.sta.staenturno.ui.login.LoginScreenKt$LoginScreen$2$1
com.sta.staenturno.data.model.ShiftDetail
com.sta.staenturno.data.model.UserResponse
com.sta.staenturno.ui.login.LoginScreenKt$LoginScreen$4$1
com.sta.staenturno.ui.changePassword.ChangePasswordScreenKt$ChangePasswordScreen$1$1
com.sta.staenturno.ui.schedule.WeekScheduleViewModel$cargarAgenda$1
com.sta.staenturno.ui.home.HomeScreenKt$Button3D$2$1
com.sta.staenturno.ui.home.HomeViewModel$cargarHome$1
com.sta.staenturno.ui.home.AttendanceState
com.sta.staenturno.data.model.AttendanceRegistrationResponse
com.sta.staenturno.data.model.AttendanceRequest
com.sta.staenturno.ui.home.HomeScreenKt$HomeScreen$3$1
com.sta.staenturno.ui.login.LoginScreenKt$LoginScreen$1$1
com.sta.staenturno.data.model.DaySchedule
com.sta.staenturno.data.remote.StaApiService
com.sta.staenturno.ui.login.LoginScreenKt$LoginButton3D$2$1
com.sta.staenturno.data.model.LoginRequest
com.sta.staenturno.ui.login.LoginViewModel$login$1
com.sta.staenturno.ui.home.HomeViewModel$registrarAsistencia$1
com.sta.staenturno.MainActivity
com.sta.staenturno.data.model.WeekScheduleResponse
com.sta.staenturno.ui.login.LoginScreenKt$LoginScreen$3$1
com.sta.staenturno.ui.schedule.WeekScheduleScreenKt$WeekScheduleScreen$lambda$9$lambda$8$lambda$7$lambda$6$$inlined$items$default$4
com.sta.staenturno.STAApplication
com.sta.staenturno.ui.schedule.WeekScheduleScreenKt$WeekScheduleScreen$1$1
com.sta.staenturno.data.model.ChangePasswordRequest
com.sta.staenturno.data.model.AttendanceRegistrationResponse: java.lang.String mensaje
com.sta.staenturno.data.model.AttendanceRequest: java.lang.String ubicacion
com.sta.staenturno.data.model.AttendanceRegistrationResponse: java.lang.String turnoActivoHoy
com.sta.staenturno.data.model.ShiftDetail: double bonificacionPorcentaje
com.sta.staenturno.data.model.AttendanceStatusResponse: java.lang.String horaSalida
com.sta.staenturno.data.model.ChangePasswordResponse: boolean success
com.sta.staenturno.data.model.UserResponse: java.lang.String turnoActivoHoy
com.sta.staenturno.data.model.LoginResponse: java.lang.String usuario
com.sta.staenturno.data.model.AttendanceStatusResponse: java.lang.String tipoLicencia
com.sta.staenturno.data.model.AttendanceRegistrationResponse: java.lang.String estado
com.sta.staenturno.data.model.DaySchedule: boolean laboral
com.sta.staenturno.data.model.UserResponse: java.lang.String usuario
com.sta.staenturno.data.model.ChangePasswordRequest: int $stable
com.sta.staenturno.data.model.UserResponse: boolean aceptaPausa
com.sta.staenturno.data.model.ShiftDetail: java.lang.String horaFin
com.sta.staenturno.data.model.ShiftDetail: java.lang.String nombre
com.sta.staenturno.data.model.WeekScheduleResponse: int $stable
com.sta.staenturno.data.model.WeekScheduleResponse: java.lang.String desde
com.sta.staenturno.data.model.WeekScheduleResponse: java.util.Map dias
com.sta.staenturno.data.model.LoginRequest: java.lang.String usuario
com.sta.staenturno.data.model.LoginResponse: int $stable
com.sta.staenturno.data.model.WeekScheduleResponse: java.lang.String hasta
com.sta.staenturno.data.model.DaySchedule: int $stable
com.sta.staenturno.data.model.AttendanceStatusResponse: boolean esFeriado
com.sta.staenturno.data.model.AttendanceRequest: int $stable
com.sta.staenturno.data.model.AttendanceRegistrationResponse: int $stable
com.sta.staenturno.data.model.LoginRequest: int $stable
...
androidx.compose.ui.text.style.LineBreak: boolean equals-impl(int,java.lang.Object)
androidx.compose.foundation.text.selection.Selection: boolean equals(java.lang.Object)
androidx.core.widget.EdgeEffectCompat$Api31Impl: float getDistance(android.widget.EdgeEffect)
androidx.compose.material3.IconButtonKt$OutlinedIconButton$2: void invoke(androidx.compose.ui.semantics.SemanticsPropertyReceiver)
androidx.compose.runtime.snapshots.StateRecord: void setSnapshotId$runtime_release(int)
androidx.compose.material3.TabKt$TabBaselineLayout$3: void invoke(androidx.compose.runtime.Composer,int)
androidx.compose.ui.platform.InfiniteAnimationPolicyKt$withInfiniteAnimationFrameNanos$2: java.lang.Object invokeSuspend(java.lang.Object)
androidx.compose.foundation.text.TextFieldDelegate$Companion: androidx.compose.ui.text.input.TextInputSession onFocus$foundation_release(androidx.compose.ui.text.input.TextInputService,androidx.compose.ui.text.input.TextFieldValue,androidx.compose.ui.text.input.EditProcessor,androidx.compose.ui.text.input.ImeOptions,kotlin.jvm.functions.Function1,kotlin.jvm.functions.Function1)
androidx.compose.ui.focus.FocusRequesterModifier$DefaultImpls: java.lang.Object foldIn(androidx.compose.ui.focus.FocusRequesterModifier,java.lang.Object,kotlin.jvm.functions.Function2)
androidx.compose.foundation.gestures.DragGestureDetectorKt$awaitPointerSlopOrCancellation$1: DragGestureDetectorKt$awaitPointerSlopOrCancellation$1(kotlin.coroutines.Continuation)
androidx.fragment.app.Fragment: androidx.lifecycle.ViewModelProvider$Factory getDefaultViewModelProviderFactory()
okio.Timeout: void throwIfReached()
androidx.compose.foundation.lazy.grid.LazyGridItemPlacementAnimator: boolean getHasAnimations(androidx.compose.foundation.lazy.grid.LazyGridMeasuredItem)
androidx.compose.runtime.SlotTableGroup: java.lang.Iterable getData()
androidx.compose.foundation.text.TextFieldKeyInputKt$textFieldKeyInput$2: androidx.compose.ui.Modifier invoke(androidx.compose.ui.Modifier,androidx.compose.runtime.Composer,int)
androidx.compose.material3.tokens.SliderTokens: float getStateLayerSize-D9Ej5fM()
androidx.compose.foundation.layout.Arrangement$SpacedAligned: Arrangement$SpacedAligned(float,boolean,kotlin.jvm.functions.Function2,kotlin.jvm.internal.DefaultConstructorMarker)
androidx.compose.ui.graphics.GraphicsLayerScope: androidx.compose.ui.graphics.RenderEffect access$getRenderEffect$jd(androidx.compose.ui.graphics.GraphicsLayerScope)
okhttp3.MultipartBody$Builder: okhttp3.MultipartBody build()
androidx.compose.foundation.layout.FlowColumnScopeInstance: androidx.compose.ui.Modifier weight(androidx.compose.ui.Modifier,float,boolean)
androidx.compose.foundation.lazy.layout.LazySaveableStateHolder: void removeState(java.lang.Object)
androidx.compose.ui.graphics.drawscope.CanvasDrawScope$DrawParams: androidx.compose.ui.unit.Density component1()
androidx.compose.material3.AndroidAlertDialog_androidKt: void AlertDialog(kotlin.jvm.functions.Function0,androidx.compose.ui.Modifier,androidx.compose.ui.window.DialogProperties,kotlin.jvm.functions.Function2,androidx.compose.runtime.Composer,int,int)
okhttp3.internal.ws.WebSocketProtocol: java.lang.String closeCodeExceptionMessage(int)
androidx.compose.ui.window.AndroidDialog_androidKt$Dialog$1: androidx.compose.runtime.DisposableEffectResult invoke(androidx.compose.runtime.DisposableEffectScope)
androidx.compose.ui.text.font.AndroidFontKt: androidx.compose.ui.text.font.Font Font-Ej4NQ78(android.os.ParcelFileDescriptor,androidx.compose.ui.text.font.FontWeight,int,androidx.compose.ui.text.font.FontVariation$Settings)
androidx.compose.foundation.lazy.grid.LazyGridMeasureResult: void placeChildren()
androidx.fragment.app.DialogFragment: int getTheme()
androidx.compose.foundation.layout.FlowLayoutKt$flowMeasurePolicy$1$minCrossAxisIntrinsicItemSize$2: FlowLayoutKt$flowMeasurePolicy$1$minCrossAxisIntrinsicItemSize$2()