STAenTurno/app/build/outputs/mapping/release/usage.txt
com.sta.staenturno.MainActivity:
    public static final int $stable
com.sta.staenturno.R$drawable:
    public static int app_icon_pantalla
    public static int ic_launcher_background
    public static int ic_launcher_foreground
    private void <init>()
com.sta.staenturno.R$mipmap
com.sta.staenturno.R$string
com.sta.staenturno.R$style
com.sta.staenturno.R$xml
com.sta.staenturno.R
com.sta.staenturno.STAApplication:
    public static final int $stable
com.sta.staenturno.data.local.PrefsManager:
    public static final java.lang.String KEY_ATTENDANCE_STATE
    private static final java.lang.String KEY_DEVICE_ID
    private static final java.lang.String KEY_TOKEN
    public final void clearToken()
com.sta.staenturno.data.remote.RetrofitClient:
    private static final java.lang.String BASE_URL
com.sta.staenturno.ui.changePassword.ChangePasswordUiState:
    public static final int $stable
    public void <init>()
    public final boolean component1()
    public final java.lang.String component2()
    public final boolean component3()
com.sta.staenturno.ui.home.AttendanceState:
    public static kotlin.enums.EnumEntries getEntries()
com.sta.staenturno.ui.home.HomeUiState:
    public static final int $stable
    public void <init>()
    public final boolean component1()
    public final boolean component10()
    public final java.lang.String component11()
    public final boolean component12()
    public final java.lang.String component13()
    public final boolean component14()
    public final java.lang.String component15()
    public final boolean component16()
    public final java.lang.String component17()
    public final boolean component18()
    public final java.lang.String component2()
    public final java.lang.String component3()
    public final java.lang.String component4()
    public final com.sta.staenturno.ui.home.AttendanceState component5()
    public final java.lang.String component6()
    public final java.lang.String component7()
    public final java.lang.String component8()
    public final java.lang.String component9()
    public final java.lang.String getMensaje()
    public final java.lang.String getUltimaHora()
    public final java.lang.String getUltimoTipo()
com.sta.staenturno.ui.login.LoginUiState:
    public static final int $stable
    public void <init>()
    public final boolean component1()
    public final java.lang.String component2()
    public final boolean component3()
    public final boolean component4()
com.sta.staenturno.ui.login.LoginViewModel:
    public final void errorShown()
com.sta.staenturno.ui.schedule.WeekScheduleScreenKt$WeekScheduleScreen$lambda$9$lambda$8$lambda$7$lambda$6$$inlined$items$default$2
com.sta.staenturno.ui.schedule.WeekScheduleUiState:
    public void <init>()
    public final boolean component1()
    public final java.lang.String component2()
    public final java.lang.String component3()
    public final java.lang.String component4()
    public final java.util.Map component5()
com.sta.staenturno.ui.schedule.WeekScheduleViewModel:
    public final void clearError()
com.sta.staenturno.ui.theme.ColorKt:
    public static final long getCardWhite()
    public static final long getPastelBlue()
    public static final long getPastelBlueDark()
    public static final long getPastelPurpleDark()
    public static final long getPastelYellow()
com.sta.staenturno.util.BiometricPromptManager$BiometricResult$AuthenticationError:
    public static final int $stable
com.sta.staenturno.util.BiometricPromptManager$BiometricResult$AuthenticationFailed:
    public static final int $stable
com.sta.staenturno.util.BiometricPromptManager$BiometricResult$AuthenticationNotSet:
    public static final int $stable
com.sta.staenturno.util.BiometricPromptManager$BiometricResult$AuthenticationSuccess:
    public static final int $stable
com.sta.staenturno.util.BiometricPromptManager$BiometricResult$FeatureUnavailable:
    public static final int $stable
...
kotlin.properties.ReadOnlyProperty
kotlin.properties.ReadWriteProperty
kotlin.random.AbstractPlatformRandom:
    public int nextBits(int)
    public boolean nextBoolean()
    public byte[] nextBytes(byte[])
    public double nextDouble()
    public float nextFloat()
    public long nextLong()
kotlin.random.KotlinRandom$Companion
kotlin.random.KotlinRandom
kotlin.random.PlatformRandom$Companion
kotlin.random.PlatformRandom
kotlin.random.PlatformRandomKt
kotlin.random.Random$Default$Serialized
kotlin.random.Random$Default:
    public int nextBits(int)
    public boolean nextBoolean()
    public byte[] nextBytes(int)
    public byte[] nextBytes(byte[])
    public byte[] nextBytes(byte[],int,int)
    public double nextDouble()
    public double nextDouble(double)
    public double nextDouble(double,double)
    public float nextFloat()
    public int nextInt(int,int)
    public long nextLong()
    public long nextLong(long)
    public long nextLong(long,long)
    private final java.lang.Object writeReplace()
kotlin.random.Random:
    public abstract int nextBits(int)
    public boolean nextBoolean()
    public byte[] nextBytes(int)
    public byte[] nextBytes(byte[])
    public byte[] nextBytes(byte[],int,int)
    public static synthetic byte[] nextBytes$default(kotlin.random.Random,byte[],int,int,int,java.lang.Object)
    public double nextDouble()
    public double nextDouble(double)
    public double nextDouble(double,double)
    public float nextFloat()
    public int nextInt(int,int)
    public long nextLong()
    public long nextLong(long)
    public long nextLong(long,long)
kotlin.random.RandomKt
kotlin.random.URandomKt
kotlin.random.XorWowRandom$Companion
kotlin.random.XorWowRandom
kotlin.random.jdk8.PlatformThreadLocalRandom:
    public double nextDouble(double)
    public int nextInt(int,int)
    public long nextLong(long)
    public long nextLong(long,long)
kotlin.ranges.CharProgression$Companion
kotlin.ranges.CharProgression
kotlin.ranges.CharProgressionIterator
kotlin.ranges.CharRange$Companion
kotlin.ranges.CharRange
kotlin.ranges.ClosedDoubleRange
kotlin.ranges.ClosedFloatRange:
    public boolean contains(float)
    public synthetic bridge boolean contains(java.lang.Comparable)
kotlin.ranges.ClosedFloatingPointRange$DefaultImpls
kotlin.ranges.ClosedFloatingPointRange:
    public abstract boolean contains(java.lang.Comparable)
kotlin.ranges.ClosedRange$DefaultImpls
kotlin.ranges.ClosedRange:
    public abstract boolean contains(java.lang.Comparable)
kotlin.ranges.ComparableOpenEndRange
kotlin.ranges.ComparableRange
kotlin.ranges.IntProgressionIterator:
    public final int getStep()
kotlin.ranges.IntRange:
    public synthetic bridge boolean contains(java.lang.Comparable)
    public synthetic bridge java.lang.Comparable getEndExclusive()
    public java.lang.Integer getEndExclusive()
    public static synthetic void getEndExclusive$annotations()
kotlin.ranges.LongProgression$Companion
kotlin.ranges.LongProgression
kotlin.ranges.LongProgressionIterator
kotlin.ranges.LongRange$Companion
kotlin.ranges.LongRange
kotlin.ranges.OpenEndDoubleRange
kotlin.ranges.OpenEndFloatRange
kotlin.ranges.OpenEndRange$DefaultImpls
kotlin.ranges.OpenEndRange
kotlin.ranges.RangesKt:
    private void <init>()
kotlin.ranges.RangesKt__RangesKt:
    public void <init>()
    private static final boolean contains(kotlin.ranges.ClosedRange,java.lang.Object)
    private static final boolean contains(kotlin.ranges.OpenEndRange,java.lang.Object)
    public static final kotlin.ranges.ClosedFloatingPointRange rangeTo(double,double)
    public static final kotlin.ranges.ClosedRange rangeTo(java.lang.Comparable,java.lang.Comparable)
    public static final kotlin.ranges.OpenEndRange rangeUntil(double,double)
    public static final kotlin.ranges.OpenEndRange rangeUntil(float,float)
    public static final kotlin.ranges.OpenEndRange rangeUntil(java.lang.Comparable,java.lang.Comparable)